<?xml version="1.0" encoding="UTF-8"?>
<coverage generated="1782417116313" clover="3.2.0">
  <project timestamp="1782417116313" name="All files">
    <metrics statements="1" coveredstatements="1" conditionals="3" coveredconditionals="3" methods="1" coveredmethods="1" elements="5" coveredelements="5" complexity="0" loc="1" ncloc="1" packages="1" files="1" classes="1"/>
    <file name="validation.ts" path="/Users/eyergens/Documents/vehicle-valuation-payment-calculator/src/utils/validation.ts">
      <metrics statements="1" coveredstatements="1" conditionals="3" coveredconditionals="3" methods="1" coveredmethods="1"/>
      <line num="2" count="5" type="cond" truecount="3" falsecount="0"/>
    </file>
  </project>
</coverage>
