{"/Users/eyergens/Documents/vehicle-valuation-payment-calculator/src/utils/validation.ts": {"path":"/Users/eyergens/Documents/vehicle-valuation-payment-calculator/src/utils/validation.ts","statementMap":{"0":{"start":{"line":2,"column":2},"end":{"line":2,"column":null}}},"fnMap":{"0":{"name":"isInvalid","decl":{"start":{"line":1,"column":16},"end":{"line":1,"column":26}},"loc":{"start":{"line":1,"column":74},"end":{"line":3,"column":null}},"line":1}},"branchMap":{"0":{"loc":{"start":{"line":2,"column":9},"end":{"line":2,"column":null}},"type":"binary-expr","locations":[{"start":{"line":2,"column":9},"end":{"line":2,"column":26}},{"start":{"line":2,"column":26},"end":{"line":2,"column":41}},{"start":{"line":2,"column":41},"end":{"line":2,"column":null}}],"line":2}},"s":{"0":5},"f":{"0":5},"b":{"0":[5,5,4]},"meta":{"lastBranch":1,"lastFunction":1,"lastStatement":1,"seen":{"f:1:16:1:26":0,"s:2:2:2:Infinity":0,"b:2:9:2:26:2:26:2:41:2:41:2:Infinity":0},"fnNames":{}}}
}
